#
# There is insufficient memory for the Java Runtime Environment to continue.
# Native memory allocation (malloc) failed to allocate 529296 bytes for Chunk::new
# Possible reasons:
#   The system is out of physical RAM or swap space
#   The process is running with CompressedOops enabled, and the Java Heap may be blocking the growth of the native heap
# Possible solutions:
#   Reduce memory load on the system
#   Increase physical memory or swap space
#   Check if swap backing store is full
#   Decrease Java heap size (-Xmx/-Xms)
#   Decrease number of Java threads
#   Decrease Java thread stack sizes (-Xss)
#   Set larger code cache with -XX:ReservedCodeCacheSize=
#   JVM is running with Unscaled Compressed Oops mode in which the Java heap is
#     placed in the first 4GB address space. The Java Heap base address is the
#     maximum limit for the native heap growth. Please use -XX:HeapBaseMinAddress
#     to set the Java Heap base and to place the Java Heap above 4GB virtual address.
# This output file may be truncated or incomplete.
#
#  Out of Memory Error (allocation.cpp:390), pid=22304, tid=0x0000000000005098
#
# JRE version: Java(TM) SE Runtime Environment (8.0_201-b09) (build 1.8.0_201-b09)
# Java VM: Java HotSpot(TM) 64-Bit Server VM (25.201-b09 mixed mode windows-amd64 compressed oops)
# Failed to write core dump. Minidumps are not enabled by default on client versions of Windows
#

---------------  T H R E A D  ---------------

Current thread (0x0000000019fa4000):  JavaThread "C2 CompilerThread1" daemon [_thread_in_native, id=20632, stack(0x000000001a8f0000,0x000000001a9f0000)]

Stack: [0x000000001a8f0000,0x000000001a9f0000]
[error occurred during error reporting (printing stack bounds), id 0xc0000005]

Native frames: (J=compiled Java code, j=interpreted, Vv=VM code, C=native code)


Current CompileTask:
C2:   5462 3273       4       org.springframework.core.annotation.TypeMappedAnnotations::get (52 bytes)


---------------  P R O C E S S  ---------------

Java Threads: ( => current thread )
  0x000000001ae21800 JavaThread "mysql-cj-abandoned-connection-cleanup" daemon [_thread_blocked, id=6568, stack(0x000000001cca0000,0x000000001cda0000)]
  0x000000001a06e800 JavaThread "Service Thread" daemon [_thread_blocked, id=22280, stack(0x000000001abf0000,0x000000001acf0000)]
  0x0000000019fad800 JavaThread "C1 CompilerThread3" daemon [_thread_in_native, id=18024, stack(0x000000001aaf0000,0x000000001abf0000)]
  0x0000000019fa8000 JavaThread "C2 CompilerThread2" daemon [_thread_in_native, id=14672, stack(0x000000001a9f0000,0x000000001aaf0000)]
=>0x0000000019fa4000 JavaThread "C2 CompilerThread1" daemon [_thread_in_native, id=20632, stack(0x000000001a8f0000,0x000000001a9f0000)]
  0x0000000019f9f800 JavaThread "C2 CompilerThread0" daemon [_thread_in_native, id=20496, stack(0x000000001a7f0000,0x000000001a8f0000)]
  0x0000000019f95800 JavaThread "Monitor Ctrl-Break" daemon [_thread_in_native, id=22064, stack(0x000000001a6f0000,0x000000001a7f0000)]
  0x000000001811a000 JavaThread "Attach Listener" daemon [_thread_blocked, id=20012, stack(0x000000001a5f0000,0x000000001a6f0000)]
  0x0000000019f88000 JavaThread "Signal Dispatcher" daemon [_thread_blocked, id=17128, stack(0x000000001a4f0000,0x000000001a5f0000)]
  0x0000000019f11000 JavaThread "Finalizer" daemon [_thread_blocked, id=6456, stack(0x000000001a3f0000,0x000000001a4f0000)]
  0x0000000019f10800 JavaThread "Reference Handler" daemon [_thread_blocked, id=20512, stack(0x000000001a2f0000,0x000000001a3f0000)]
  0x0000000002f97000 JavaThread "main" [_thread_in_vm, id=11080, stack(0x0000000002e90000,0x0000000002f90000)]

Other Threads:
  0x0000000018108800 VMThread [stack: 0x0000000019df0000,0x0000000019ef0000] [id=20204]
  0x000000001a085800 WatcherThread [stack: 0x000000001acf0000,0x000000001adf0000] [id=13296]

VM state:not at safepoint (normal execution)

VM Mutex/Monitor currently owned by a thread: None

heap address: 0x0000000081e00000, size: 2018 MB, Compressed Oops mode: 32-bit
Narrow klass base: 0x0000000000000000, Narrow klass shift: 3
Compressed class space size: 1073741824 Address: 0x0000000100000000

Heap:
 PSYoungGen      total 132608K, used 46336K [0x00000000d5f80000, 0x00000000df080000, 0x0000000100000000)
  eden space 125952K, 36% used [0x00000000d5f80000,0x00000000d8cc0028,0x00000000dda80000)
  from space 6656K, 0% used [0x00000000dea00000,0x00000000dea00000,0x00000000df080000)
  to   space 8704K, 0% used [0x00000000ddf80000,0x00000000ddf80000,0x00000000de800000)
 ParOldGen       total 56832K, used 11164K [0x0000000081e00000, 0x0000000085580000, 0x00000000d5f80000)
  object space 56832K, 19% used [0x0000000081e00000,0x00000000828e7010,0x0000000085580000)
 Metaspace       used 34500K, capacity 36978K, committed 37168K, reserved 1081344K
  class space    used 4624K, capacity 5057K, committed 5168K, reserved 1048576K

Card table byte_map: [0x0000000012560000,0x0000000012960000] byte_map_base: 0x0000000012151000

Marking Bits: (ParMarkBitMap*) 0x0000000069f94ce0
 Begin Bits: [0x0000000013410000, 0x0000000015398000)
 End Bits:   [0x0000000015398000, 0x0000000017320000)

Polling page: 0x0000000001150000

CodeCache: size=245760Kb used=11923Kb max_used=11923Kb free=233836Kb
 bounds [0x00000000031a0000, 0x0000000003d50000, 0x00000000121a0000]
 total_blobs=3765 nmethods=3344 adapters=332
 compilation: enabled

Compilation events (10 events):
Event: 5.445 Thread 0x0000000019fad800 3345       3       org.springframework.boot.context.properties.source.ConfigurationPropertyName::convertElement (87 bytes)
Event: 5.446 Thread 0x0000000019fad800 nmethod 3345 0x0000000003d45790 code [0x0000000003d45a20, 0x0000000003d46cd8]
Event: 5.446 Thread 0x0000000019fad800 3348       1       java.util.HashMap$KeySet::size (8 bytes)
Event: 5.447 Thread 0x0000000019fad800 nmethod 3348 0x0000000003d477d0 code [0x0000000003d47920, 0x0000000003d47a30]
Event: 5.447 Thread 0x0000000019fad800 3346       3       org.springframework.boot.context.properties.bind.BindConverter::convert (14 bytes)
Event: 5.447 Thread 0x0000000019fad800 nmethod 3346 0x0000000003d47ad0 code [0x0000000003d47c80, 0x0000000003d483c8]
Event: 5.447 Thread 0x0000000019fad800 3347       3       org.springframework.boot.env.RandomValuePropertySource::getProperty (68 bytes)
Event: 5.448 Thread 0x0000000019fad800 nmethod 3347 0x0000000003d486d0 code [0x0000000003d48920, 0x0000000003d49788]
Event: 5.454 Thread 0x0000000019fad800 3349       1       java.util.EnumMap::access$600 (5 bytes)
Event: 5.454 Thread 0x0000000019fad800 nmethod 3349 0x0000000003d49d90 code [0x0000000003d49ee0, 0x0000000003d49fd0]

GC Heap History (10 events):
Event: 1.813 GC heap before
{Heap before GC invocations=6 (full 1):
 PSYoungGen      total 71680K, used 5070K [0x00000000d5f80000, 0x00000000df280000, 0x0000000100000000)
  eden space 66560K, 0% used [0x00000000d5f80000,0x00000000d5f80000,0x00000000da080000)
  from space 5120K, 99% used [0x00000000da080000,0x00000000da573ab0,0x00000000da580000)
  to   space 8704K, 0% used [0x00000000dea00000,0x00000000dea00000,0x00000000df280000)
 ParOldGen       total 87552K, used 4966K [0x0000000081e00000, 0x0000000087380000, 0x00000000d5f80000)
  object space 87552K, 5% used [0x0000000081e00000,0x00000000822d98e8,0x0000000087380000)
 Metaspace       used 19912K, capacity 21238K, committed 21296K, reserved 1067008K
  class space    used 2572K, capacity 2841K, committed 2864K, reserved 1048576K
Event: 1.835 GC heap after
Heap after GC invocations=6 (full 1):
 PSYoungGen      total 71680K, used 0K [0x00000000d5f80000, 0x00000000df280000, 0x0000000100000000)
  eden space 66560K, 0% used [0x00000000d5f80000,0x00000000d5f80000,0x00000000da080000)
  from space 5120K, 0% used [0x00000000da080000,0x00000000da080000,0x00000000da580000)
  to   space 8704K, 0% used [0x00000000dea00000,0x00000000dea00000,0x00000000df280000)
 ParOldGen       total 45056K, used 5413K [0x0000000081e00000, 0x0000000084a00000, 0x00000000d5f80000)
  object space 45056K, 12% used [0x0000000081e00000,0x0000000082349420,0x0000000084a00000)
 Metaspace       used 19912K, capacity 21238K, committed 21296K, reserved 1067008K
  class space    used 2572K, capacity 2841K, committed 2864K, reserved 1048576K
}
Event: 2.538 GC heap before
{Heap before GC invocations=7 (full 1):
 PSYoungGen      total 71680K, used 66560K [0x00000000d5f80000, 0x00000000df280000, 0x0000000100000000)
  eden space 66560K, 100% used [0x00000000d5f80000,0x00000000da080000,0x00000000da080000)
  from space 5120K, 0% used [0x00000000da080000,0x00000000da080000,0x00000000da580000)
  to   space 8704K, 0% used [0x00000000dea00000,0x00000000dea00000,0x00000000df280000)
 ParOldGen       total 45056K, used 5413K [0x0000000081e00000, 0x0000000084a00000, 0x00000000d5f80000)
  object space 45056K, 12% used [0x0000000081e00000,0x0000000082349420,0x0000000084a00000)
 Metaspace       used 24064K, capacity 25636K, committed 25776K, reserved 1071104K
  class space    used 3111K, capacity 3428K, committed 3504K, reserved 1048576K
Event: 2.547 GC heap after
Heap after GC invocations=7 (full 1):
 PSYoungGen      total 132608K, used 6547K [0x00000000d5f80000, 0x00000000df080000, 0x0000000100000000)
  eden space 125952K, 0% used [0x00000000d5f80000,0x00000000d5f80000,0x00000000dda80000)
  from space 6656K, 98% used [0x00000000dea00000,0x00000000df064d18,0x00000000df080000)
  to   space 8704K, 0% used [0x00000000ddf80000,0x00000000ddf80000,0x00000000de800000)
 ParOldGen       total 45056K, used 5421K [0x0000000081e00000, 0x0000000084a00000, 0x00000000d5f80000)
  object space 45056K, 12% used [0x0000000081e00000,0x000000008234b420,0x0000000084a00000)
 Metaspace       used 24064K, capacity 25636K, committed 25776K, reserved 1071104K
  class space    used 3111K, capacity 3428K, committed 3504K, reserved 1048576K
}
Event: 4.843 GC heap before
{Heap before GC invocations=8 (full 1):
 PSYoungGen      total 132608K, used 132499K [0x00000000d5f80000, 0x00000000df080000, 0x0000000100000000)
  eden space 125952K, 100% used [0x00000000d5f80000,0x00000000dda80000,0x00000000dda80000)
  from space 6656K, 98% used [0x00000000dea00000,0x00000000df064d18,0x00000000df080000)
  to   space 8704K, 0% used [0x00000000ddf80000,0x00000000ddf80000,0x00000000de800000)
 ParOldGen       total 45056K, used 5421K [0x0000000081e00000, 0x0000000084a00000, 0x00000000d5f80000)
  object space 45056K, 12% used [0x0000000081e00000,0x000000008234b420,0x0000000084a00000)
 Metaspace       used 33105K, capacity 35120K, committed 35376K, reserved 1079296K
  class space    used 4410K, capacity 4794K, committed 4912K, reserved 1048576K
Event: 4.859 GC heap after
Heap after GC invocations=8 (full 1):
 PSYoungGen      total 134656K, used 8703K [0x00000000d5f80000, 0x00000000df080000, 0x0000000100000000)
  eden space 125952K, 0% used [0x00000000d5f80000,0x00000000d5f80000,0x00000000dda80000)
  from space 8704K, 99% used [0x00000000ddf80000,0x00000000de7fff70,0x00000000de800000)
  to   space 6656K, 0% used [0x00000000dea00000,0x00000000dea00000,0x00000000df080000)
 ParOldGen       total 45056K, used 8369K [0x0000000081e00000, 0x0000000084a00000, 0x00000000d5f80000)
  object space 45056K, 18% used [0x0000000081e00000,0x000000008262c580,0x0000000084a00000)
 Metaspace       used 33105K, capacity 35120K, committed 35376K, reserved 1079296K
  class space    used 4410K, capacity 4794K, committed 4912K, reserved 1048576K
}
Event: 4.905 GC heap before
{Heap before GC invocations=9 (full 1):
 PSYoungGen      total 134656K, used 10824K [0x00000000d5f80000, 0x00000000df080000, 0x0000000100000000)
  eden space 125952K, 1% used [0x00000000d5f80000,0x00000000d6192288,0x00000000dda80000)
  from space 8704K, 99% used [0x00000000ddf80000,0x00000000de7fff70,0x00000000de800000)
  to   space 6656K, 0% used [0x00000000dea00000,0x00000000dea00000,0x00000000df080000)
 ParOldGen       total 45056K, used 8369K [0x0000000081e00000, 0x0000000084a00000, 0x00000000d5f80000)
  object space 45056K, 18% used [0x0000000081e00000,0x000000008262c580,0x0000000084a00000)
 Metaspace       used 33308K, capacity 35332K, committed 35496K, reserved 1079296K
  class space    used 4420K, capacity 4798K, committed 4912K, reserved 1048576K
Event: 4.909 GC heap after
Heap after GC invocations=9 (full 1):
 PSYoungGen      total 132608K, used 6026K [0x00000000d5f80000, 0x00000000df080000, 0x0000000100000000)
  eden space 125952K, 0% used [0x00000000d5f80000,0x00000000d5f80000,0x00000000dda80000)
  from space 6656K, 90% used [0x00000000dea00000,0x00000000defe2870,0x00000000df080000)
  to   space 8704K, 0% used [0x00000000ddf80000,0x00000000ddf80000,0x00000000de800000)
 ParOldGen       total 45056K, used 8377K [0x0000000081e00000, 0x0000000084a00000, 0x00000000d5f80000)
  object space 45056K, 18% used [0x0000000081e00000,0x000000008262e580,0x0000000084a00000)
 Metaspace       used 33308K, capacity 35332K, committed 35496K, reserved 1079296K
  class space    used 4420K, capacity 4798K, committed 4912K, reserved 1048576K
}
Event: 4.909 GC heap before
{Heap before GC invocations=10 (full 2):
 PSYoungGen      total 132608K, used 6026K [0x00000000d5f80000, 0x00000000df080000, 0x0000000100000000)
  eden space 125952K, 0% used [0x00000000d5f80000,0x00000000d5f80000,0x00000000dda80000)
  from space 6656K, 90% used [0x00000000dea00000,0x00000000defe2870,0x00000000df080000)
  to   space 8704K, 0% used [0x00000000ddf80000,0x00000000ddf80000,0x00000000de800000)
 ParOldGen       total 45056K, used 8377K [0x0000000081e00000, 0x0000000084a00000, 0x00000000d5f80000)
  object space 45056K, 18% used [0x0000000081e00000,0x000000008262e580,0x0000000084a00000)
 Metaspace       used 33308K, capacity 35332K, committed 35496K, reserved 1079296K
  class space    used 4420K, capacity 4798K, committed 4912K, reserved 1048576K
Event: 4.950 GC heap after
Heap after GC invocations=10 (full 2):
 PSYoungGen      total 132608K, used 0K [0x00000000d5f80000, 0x00000000df080000, 0x0000000100000000)
  eden space 125952K, 0% used [0x00000000d5f80000,0x00000000d5f80000,0x00000000dda80000)
  from space 6656K, 0% used [0x00000000dea00000,0x00000000dea00000,0x00000000df080000)
  to   space 8704K, 0% used [0x00000000ddf80000,0x00000000ddf80000,0x00000000de800000)
 ParOldGen       total 56832K, used 11164K [0x0000000081e00000, 0x0000000085580000, 0x00000000d5f80000)
  object space 56832K, 19% used [0x0000000081e00000,0x00000000828e7010,0x0000000085580000)
 Metaspace       used 33308K, capacity 35332K, committed 35496K, reserved 1079296K
  class space    used 4420K, capacity 4798K, committed 4912K, reserved 1048576K
}

Deoptimization events (10 events):
Event: 4.750 Thread 0x0000000002f97000 Uncommon trap: reason=bimorphic action=maybe_recompile pc=0x000000000387a054 method=java.util.HashMap.putVal(ILjava/lang/Object;Ljava/lang/Object;ZZ)Ljava/lang/Object; @ 253
Event: 4.754 Thread 0x0000000002f97000 Uncommon trap: reason=bimorphic action=maybe_recompile pc=0x000000000387a054 method=java.util.HashMap.putVal(ILjava/lang/Object;Ljava/lang/Object;ZZ)Ljava/lang/Object; @ 253
Event: 4.801 Thread 0x0000000002f97000 Uncommon trap: reason=class_check action=maybe_recompile pc=0x0000000003bc4dfc method=org.springframework.beans.factory.support.AbstractBeanFactory.isTypeMatch(Ljava/lang/String;Lorg/springframework/core/ResolvableType;Z)Z @ 53
Event: 4.840 Thread 0x0000000002f97000 Uncommon trap: reason=unstable_if action=reinterpret pc=0x0000000003756144 method=java.util.Properties$LineReader.readLine()I @ 252
Event: 4.840 Thread 0x0000000002f97000 Uncommon trap: reason=unstable_if action=reinterpret pc=0x0000000003738148 method=java.util.Properties$LineReader.readLine()I @ 252
Event: 4.862 Thread 0x0000000002f97000 Uncommon trap: reason=unstable_if action=reinterpret pc=0x000000000373465c method=java.io.WinNTFileSystem.isLetter(C)Z @ 3
Event: 4.893 Thread 0x0000000002f97000 Uncommon trap: reason=class_check action=maybe_recompile pc=0x0000000003bc4dfc method=org.springframework.beans.factory.support.AbstractBeanFactory.isTypeMatch(Ljava/lang/String;Lorg/springframework/core/ResolvableType;Z)Z @ 53
Event: 4.895 Thread 0x0000000002f97000 Uncommon trap: reason=class_check action=maybe_recompile pc=0x0000000003bc4dfc method=org.springframework.beans.factory.support.AbstractBeanFactory.isTypeMatch(Ljava/lang/String;Lorg/springframework/core/ResolvableType;Z)Z @ 53
Event: 4.896 Thread 0x0000000002f97000 Uncommon trap: reason=class_check action=maybe_recompile pc=0x0000000003bc4dfc method=org.springframework.beans.factory.support.AbstractBeanFactory.isTypeMatch(Ljava/lang/String;Lorg/springframework/core/ResolvableType;Z)Z @ 53
Event: 5.106 Thread 0x0000000002f97000 Uncommon trap: reason=unstable_if action=reinterpret pc=0x0000000003c81f94 method=java.lang.Class.searchMethods([Ljava/lang/reflect/Method;Ljava/lang/String;[Ljava/lang/Class;)Ljava/lang/reflect/Method; @ 47

Classes redefined (0 events):
No events

Internal exceptions (10 events):
Event: 5.437 Thread 0x0000000002f97000 Exception <a 'java/lang/ClassNotFoundException': java/lang/ObjectCustomizer> (0x00000000d8974a38) thrown at [C:\re\workspace\8-2-build-windows-amd64-cygwin\jdk8u201\12322\hotspot\src\share\vm\classfile\systemDictionary.cpp, line 210]
Event: 5.438 Thread 0x0000000002f97000 Exception <a 'java/lang/ClassNotFoundException': org/springframework/boot/autoconfigure/jackson/JacksonAutoConfiguration$Jackson2ObjectMapperBuilderCustomizerConfigurationCustomizer> (0x00000000d89ac178) thrown at [C:\re\workspace\8-2-build-windows-amd64-
Event: 5.441 Thread 0x0000000002f97000 Exception <a 'java/lang/ClassNotFoundException': java/lang/ObjectCustomizer> (0x00000000d89c0f30) thrown at [C:\re\workspace\8-2-build-windows-amd64-cygwin\jdk8u201\12322\hotspot\src\share\vm\classfile\systemDictionary.cpp, line 210]
Event: 5.442 Thread 0x0000000002f97000 Exception <a 'java/lang/ClassNotFoundException': org/springframework/boot/autoconfigure/jackson/JacksonPropertiesCustomizer> (0x00000000d89e6140) thrown at [C:\re\workspace\8-2-build-windows-amd64-cygwin\jdk8u201\12322\hotspot\src\share\vm\classfile\syste
Event: 5.448 Thread 0x0000000002f97000 Exception <a 'java/lang/ClassNotFoundException': java/lang/ObjectCustomizer> (0x00000000d8a661c0) thrown at [C:\re\workspace\8-2-build-windows-amd64-cygwin\jdk8u201\12322\hotspot\src\share\vm\classfile\systemDictionary.cpp, line 210]
Event: 5.448 Thread 0x0000000002f97000 Exception <a 'java/lang/ClassNotFoundException': org/springframework/boot/autoconfigure/jackson/JacksonAutoConfiguration$Jackson2ObjectMapperBuilderCustomizerConfiguration$StandardJackson2ObjectMapperBuilderCustomizerCustomizer> (0x00000000d8aaa7b8) throw
Event: 5.450 Thread 0x0000000002f97000 Exception <a 'java/lang/ClassNotFoundException': org/springframework/boot/autoconfigure/jackson/Jackson2ObjectMapperBuilderCustomizerCustomizer> (0x00000000d8ad7080) thrown at [C:\re\workspace\8-2-build-windows-amd64-cygwin\jdk8u201\12322\hotspot\src\shar
Event: 5.451 Thread 0x0000000002f97000 Exception <a 'java/lang/ClassNotFoundException': org/springframework/core/OrderedCustomizer> (0x00000000d8aef730) thrown at [C:\re\workspace\8-2-build-windows-amd64-cygwin\jdk8u201\12322\hotspot\src\share\vm\classfile\systemDictionary.cpp, line 210]
Event: 5.455 Thread 0x0000000002f97000 Exception <a 'java/lang/ClassNotFoundException': java/lang/ObjectCustomizer> (0x00000000d8b0fa18) thrown at [C:\re\workspace\8-2-build-windows-amd64-cygwin\jdk8u201\12322\hotspot\src\share\vm\classfile\systemDictionary.cpp, line 210]
Event: 5.456 Thread 0x0000000002f97000 Exception <a 'java/lang/ClassNotFoundException': org/springframework/boot/autoconfigure/jackson/JacksonAutoConfiguration$ParameterNamesModuleConfigurationCustomizer> (0x00000000d8b422d0) thrown at [C:\re\workspace\8-2-build-windows-amd64-cygwin\jdk8u201\1

Events (10 events):
Event: 5.456 loading class org/springframework/boot/autoconfigure/jackson/JacksonAutoConfiguration$ParameterNamesModuleConfigurationCustomizer
Event: 5.456 loading class org/springframework/boot/autoconfigure/jackson/JacksonAutoConfiguration$ParameterNamesModuleConfigurationCustomizer done
Event: 5.457 loading class com/fasterxml/jackson/module/paramnames/ParameterNamesAnnotationIntrospector
Event: 5.457 loading class com/fasterxml/jackson/module/paramnames/ParameterNamesAnnotationIntrospector done
Event: 5.457 loading class com/fasterxml/jackson/annotation/JsonCreator$Mode
Event: 5.458 loading class com/fasterxml/jackson/annotation/JsonCreator$Mode done
Event: 5.458 loading class com/fasterxml/jackson/module/paramnames/PackageVersion
Event: 5.458 loading class com/fasterxml/jackson/module/paramnames/PackageVersion done
Event: 5.459 loading class com/fasterxml/jackson/databind/module/SimpleValueInstantiators
Event: 5.459 loading class com/fasterxml/jackson/databind/module/SimpleValueInstantiators done


Dynamic libraries:
0x00007ff68c730000 - 0x00007ff68c767000 	C:\Program Files\Java\jdk1.8.0_201\bin\java.exe
0x00007ffd8d540000 - 0x00007ffd8d730000 	C:\WINDOWS\SYSTEM32\ntdll.dll
0x00007ffd8c940000 - 0x00007ffd8c9f2000 	C:\WINDOWS\System32\KERNEL32.DLL
0x00007ffd8b340000 - 0x00007ffd8b5e5000 	C:\WINDOWS\System32\KERNELBASE.dll
0x00007ffd8d290000 - 0x00007ffd8d333000 	C:\WINDOWS\System32\ADVAPI32.dll
0x00007ffd8b620000 - 0x00007ffd8b6be000 	C:\WINDOWS\System32\msvcrt.dll
0x00007ffd8d460000 - 0x00007ffd8d4f7000 	C:\WINDOWS\System32\sechost.dll
0x00007ffd8ca00000 - 0x00007ffd8cb20000 	C:\WINDOWS\System32\RPCRT4.dll
0x00007ffd8cea0000 - 0x00007ffd8d034000 	C:\WINDOWS\System32\USER32.dll
0x00007ffd8a4d0000 - 0x00007ffd8a4f1000 	C:\WINDOWS\System32\win32u.dll
0x00007ffd8b720000 - 0x00007ffd8b746000 	C:\WINDOWS\System32\GDI32.dll
0x00007ffd8afb0000 - 0x00007ffd8b146000 	C:\WINDOWS\System32\gdi32full.dll
0x00007ffd8ade0000 - 0x00007ffd8ae7e000 	C:\WINDOWS\System32\msvcp_win.dll
0x00007ffd8a560000 - 0x00007ffd8a65a000 	C:\WINDOWS\System32\ucrtbase.dll
0x00007ffd71ed0000 - 0x00007ffd72154000 	C:\WINDOWS\WinSxS\amd64_microsoft.windows.common-controls_6595b64144ccf1df_6.0.18362.1139_none_9e7bf2d3e4605ac6\COMCTL32.dll
0x00007ffd8c530000 - 0x00007ffd8c865000 	C:\WINDOWS\System32\combase.dll
0x00007ffd8ae80000 - 0x00007ffd8af00000 	C:\WINDOWS\System32\bcryptPrimitives.dll
0x00007ffd8b5f0000 - 0x00007ffd8b61e000 	C:\WINDOWS\System32\IMM32.DLL
0x000000006a020000 - 0x000000006a0f1000 	C:\Program Files\Java\jdk1.8.0_201\jre\bin\msvcr100.dll
0x0000000069770000 - 0x000000006a014000 	C:\Program Files\Java\jdk1.8.0_201\jre\bin\server\jvm.dll
0x00007ffd8c410000 - 0x00007ffd8c418000 	C:\WINDOWS\System32\PSAPI.DLL
0x00007ffd79170000 - 0x00007ffd79179000 	C:\WINDOWS\SYSTEM32\WSOCK32.dll
0x00007ffd7dc90000 - 0x00007ffd7dc9a000 	C:\WINDOWS\SYSTEM32\VERSION.dll
0x00007ffd81080000 - 0x00007ffd810a4000 	C:\WINDOWS\SYSTEM32\WINMM.dll
0x00007ffd8cb20000 - 0x00007ffd8cb8f000 	C:\WINDOWS\System32\WS2_32.dll
0x00007ffd80e40000 - 0x00007ffd80e6d000 	C:\WINDOWS\SYSTEM32\winmmbase.dll
0x00007ffd8b2d0000 - 0x00007ffd8b31a000 	C:\WINDOWS\System32\cfgmgr32.dll
0x00007ffd85a90000 - 0x00007ffd85a9f000 	C:\Program Files\Java\jdk1.8.0_201\jre\bin\verify.dll
0x00007ffd843e0000 - 0x00007ffd84409000 	C:\Program Files\Java\jdk1.8.0_201\jre\bin\java.dll
0x00007ffd60b10000 - 0x00007ffd60b33000 	C:\Program Files\Java\jdk1.8.0_201\jre\bin\instrument.dll
0x00007ffd84200000 - 0x00007ffd84216000 	C:\Program Files\Java\jdk1.8.0_201\jre\bin\zip.dll
0x00007ffd8bd20000 - 0x00007ffd8c407000 	C:\WINDOWS\System32\SHELL32.dll
0x00007ffd8d340000 - 0x00007ffd8d3e9000 	C:\WINDOWS\System32\shcore.dll
0x00007ffd8a660000 - 0x00007ffd8ade0000 	C:\WINDOWS\System32\windows.storage.dll
0x00007ffd8a410000 - 0x00007ffd8a433000 	C:\WINDOWS\System32\profapi.dll
0x00007ffd8a480000 - 0x00007ffd8a4ca000 	C:\WINDOWS\System32\powrprof.dll
0x00007ffd8a400000 - 0x00007ffd8a410000 	C:\WINDOWS\System32\UMPDC.dll
0x00007ffd8c4d0000 - 0x00007ffd8c522000 	C:\WINDOWS\System32\shlwapi.dll
0x00007ffd8a440000 - 0x00007ffd8a451000 	C:\WINDOWS\System32\kernel.appcore.dll
0x00007ffd8b320000 - 0x00007ffd8b337000 	C:\WINDOWS\System32\cryptsp.dll
0x00007ffd84020000 - 0x00007ffd8403a000 	D:\Program Files (x86)\IntelliJ IDEA 2019.2.2\bin\breakgen64.dll
0x00007ffd83cc0000 - 0x00007ffd83cda000 	C:\Program Files\Java\jdk1.8.0_201\jre\bin\net.dll
0x00007ffd81b10000 - 0x00007ffd81ce6000 	C:\WINDOWS\SYSTEM32\urlmon.dll
0x00007ffd81360000 - 0x00007ffd81607000 	C:\WINDOWS\SYSTEM32\iertutil.dll
0x00007ffd89e20000 - 0x00007ffd89e2c000 	C:\WINDOWS\SYSTEM32\CRYPTBASE.DLL
0x00007ffd89c50000 - 0x00007ffd89cb7000 	C:\WINDOWS\system32\mswsock.dll
0x00007ffd6d760000 - 0x00007ffd6d771000 	C:\Program Files\Java\jdk1.8.0_201\jre\bin\nio.dll
0x00007ffd840f0000 - 0x00007ffd840fd000 	C:\Program Files\Java\jdk1.8.0_201\jre\bin\management.dll
0x00007ffd711d0000 - 0x00007ffd711e6000 	C:\WINDOWS\system32\napinsp.dll
0x00007ffd703e0000 - 0x00007ffd703fa000 	C:\WINDOWS\system32\pnrpnsp.dll
0x00007ffd899a0000 - 0x00007ffd89a6b000 	C:\WINDOWS\SYSTEM32\DNSAPI.dll
0x00007ffd8b7d0000 - 0x00007ffd8b7d8000 	C:\WINDOWS\System32\NSI.dll
0x00007ffd89960000 - 0x00007ffd8999a000 	C:\WINDOWS\SYSTEM32\IPHLPAPI.DLL
0x00007ffd702d0000 - 0x00007ffd702de000 	C:\WINDOWS\System32\winrnr.dll
0x00007ffd86d40000 - 0x00007ffd86d5c000 	C:\WINDOWS\system32\NLAapi.dll
0x00007ffd85fa0000 - 0x00007ffd85fb5000 	C:\WINDOWS\system32\wshbth.dll
0x00007ffd5c070000 - 0x00007ffd5c17d000 	C:\WINDOWS\SysWOW64\ierd_tgp_lsp64.dll
0x00007ffd8cb90000 - 0x00007ffd8cce7000 	C:\WINDOWS\System32\ole32.dll
0x00007ffd81e10000 - 0x00007ffd81e1a000 	C:\WINDOWS\system32\wshqos.dll
0x00007ffd81e00000 - 0x00007ffd81e08000 	C:\WINDOWS\SYSTEM32\wshtcpip.DLL
0x00007ffd81df0000 - 0x00007ffd81df8000 	C:\WINDOWS\SYSTEM32\wship6.dll
0x00007ffd83e10000 - 0x00007ffd83e1a000 	C:\Windows\System32\rasadhlp.dll
0x00007ffd82610000 - 0x00007ffd82687000 	C:\WINDOWS\System32\fwpuclnt.dll
0x00007ffd8b150000 - 0x00007ffd8b176000 	C:\WINDOWS\System32\bcrypt.dll

VM Arguments:
jvm_args: -ea -Didea.test.cyclic.buffer.size=1048576 -javaagent:D:\Program Files (x86)\IntelliJ IDEA 2019.2.2\lib\idea_rt.jar=53808:D:\Program Files (x86)\IntelliJ IDEA 2019.2.2\bin -Dfile.encoding=UTF-8 
java_command: com.intellij.rt.execution.junit.JUnitStarter -ideVersion5 -junit5 com.example.seckill.SeckillApplicationTests
java_class_path (initial): D:\Program Files (x86)\IntelliJ IDEA 2019.2.2\lib\idea_rt.jar;D:\Program Files (x86)\IntelliJ IDEA 2019.2.2\plugins\junit\lib\junit-rt.jar;D:\Program Files (x86)\IntelliJ IDEA 2019.2.2\plugins\junit\lib\junit5-rt.jar;D:\Repository\org\junit\platform\junit-platform-launcher\1.6.2\junit-platform-launcher-1.6.2.jar;D:\Repository\org\apiguardian\apiguardian-api\1.1.0\apiguardian-api-1.1.0.jar;D:\Repository\org\junit\platform\junit-platform-engine\1.6.2\junit-platform-engine-1.6.2.jar;D:\Repository\org\opentest4j\opentest4j\1.2.0\opentest4j-1.2.0.jar;D:\Repository\org\junit\platform\junit-platform-commons\1.6.2\junit-platform-commons-1.6.2.jar;C:\Program Files\Java\jdk1.8.0_201\jre\lib\charsets.jar;C:\Program Files\Java\jdk1.8.0_201\jre\lib\deploy.jar;C:\Program Files\Java\jdk1.8.0_201\jre\lib\ext\access-bridge-64.jar;C:\Program Files\Java\jdk1.8.0_201\jre\lib\ext\cldrdata.jar;C:\Program Files\Java\jdk1.8.0_201\jre\lib\ext\dnsns.jar;C:\Program Files\Java\jdk1.8.0_201\jre\lib\ext\jaccess.jar;C:\Program Files\Java\jdk1.8.0_201\jre\lib\ext\jfxrt.jar;C:\Program Files\Java\jdk1.8.0_201\jre\lib\ext\localedata.jar;C:\Program Files\Java\jdk1.8.0_201\jre\lib\ext\nashorn.jar;C:\Program Files\Java\jdk1.8.0_201\jre\lib\ext\sunec.jar;C:\Program Files\Java\jdk1.8.0_201\jre\lib\ext\sunjce_provider.jar;C:\Program Files\Java\jdk1.8.0_201\jre\lib\ext\sunmscapi.jar;C:\Program Files\Java\jdk1.8.0_201\jre\lib\ext\sunpkcs11.jar;C:\Program Files\Java\jdk1.8.0_201\jre\lib\ext\zipfs.jar;C:\Program Files\Java\jdk1.8.0_201\jre\lib\javaws.jar;C:\Program Files\Java\jdk1.8.0_201\jre\lib\jce.jar;C:\Program Files\Java\jdk1.8.0_201\jre\lib\jfr.jar;C:\Program Files\Java\jdk1.8.0_201\jre\lib\jfxswt.jar;C:\Program Files\Java\jdk1.8.0_201\jre\lib\jsse.jar;C:\Program Files\Java\jdk1.8.0_201\jre\lib\management-agent.jar;C:\Program Files\Java\jdk1.8.0_201\jre\lib\plugin.jar;C:\Program Files\Java\jdk1.8.0_201\jre\lib\resources.jar;C:\Program Files\Java\jdk1.8.0_201\jre\lib\rt.jar;D:
Launcher Type: SUN_STANDARD

Environment Variables:
JAVA_HOME=C:\Program Files\Java\jdk-12.0.2
CLASSPATH=.;C:\Program Files\Java\jdk1.8.0_201\lib\tools.jar;C:\Program Files\Java\jdk1.8.0_201\lib\dt.jar;
PATH=D:\Program Files (x86)\Xshell6\;D:\oracle19c\bin;C:\Python38\Scripts\;C:\Python38\;C:\Program Files\Java\jdk-12.0.2\bin;D:\Python27\;D:\Python27\Scripts\;C:\Program Files\Python37\Scripts\;C:\Program Files\Python37\;C:\Program Files (x86)\Intel\iCLS Client\;C:\Program Files\Intel\iCLS Client\;C:\WINDOWS\system32;C:\WINDOWS;C:\WINDOWS\System32\Wbem;C:\WINDOWS\System32\WindowsPowerShell\v1.0\;C:\Program Files\Intel\WiFi\bin\;C:\Program Files\Common Files\Intel\WirelessCommon\;C:\Program Files (x86)\Intel\Intel(R) Management Engine Components\DAL;C:\Program Files\Intel\Intel(R) Management Engine Components\DAL;C:\Program Files (x86)\Intel\Intel(R) Management Engine Components\IPT;C:\Program Files\Intel\Intel(R) Management Engine Components\IPT;C:\Program Files (x86)\Microsoft SQL Server\100\Tools\Binn\;C:\Program Files\Microsoft SQL Server\100\Tools\Binn\;C:\Program Files\Microsoft SQL Server\100\DTS\Binn\;C:\Program Files\Microsoft SQL Server\90\DTS\Binn\;C:\Program Files\Microsoft SQL Server\90\Tools\binn\;C:\Program Files (x86)\Microsoft SQL Server\90\Tools\binn\;C:\Program Files (x86)\Microsoft SQL Server\90\DTS\Binn\;C:\Program Files (x86)\Microsoft SQL Server\90\Tools\Binn\VSShell\Common7\IDE\;C:\Program Files (x86)\Microsoft Visual Studio 8\Common7\IDE\PrivateAssemblies\;C:\WINDOWS\System32\OpenSSH\;D:\tools\apache-maven-3.3.9\bin;C:\Program Files\Redis\;D:\Program Files (x86)\bin;D:\Program Files (x86)\Git\cmd;C:\ProgramData\chocolatey\bin;D:\Program Files (x86)\Nodejs\;C:\Users\Acer\AppData\Local\Microsoft\WindowsApps;C:\Users\Acer\AppData\Local\GitHubDesktop\bin;C:\Users\Acer\AppData\Local\Microsoft\WindowsApps;;D:\VM;C:\Users\Acer\AppData\Roaming\npm
USERNAME=Acer
OS=Windows_NT
PROCESSOR_IDENTIFIER=Intel64 Family 6 Model 142 Stepping 10, GenuineIntel



---------------  S Y S T E M  ---------------

OS: Windows 10.0 , 64 bit Build 18362 (10.0.18362.1110)

CPU:total 8 (initial active 8) (4 cores per cpu, 2 threads per core) family 6 model 142 stepping 10, cmov, cx8, fxsr, mmx, sse, sse2, sse3, ssse3, sse4.1, sse4.2, popcnt, avx, avx2, aes, clmul, erms, 3dnowpref, lzcnt, ht, tsc, tscinvbit, bmi1, bmi2, adx

Memory: 4k page, physical 8262888k(389560k free), swap 18894180k(8292k free)

vm_info: Java HotSpot(TM) 64-Bit Server VM (25.201-b09) for windows-amd64 JRE (1.8.0_201-b09), built on Dec 15 2018 18:36:39 by "java_re" with MS VC++ 10.0 (VS2010)

time: Tue Oct 27 18:41:00 2020
timezone: 中国标准时间
elapsed time: 5 seconds (0d 0h 0m 5s)

